{
  "numFailedTestSuites": 1,
  "numFailedTests": 1,
  "numPassedTestSuites": 0,
  "numPassedTests": 1,
  "numPendingTestSuites": 0,
  "numPendingTests": 1,
  "numTodoTests": 0,
  "numTotalTestSuites": 1,
  "numTotalTests": 3,
  "success": false,
  "testResults": [
    {
      "assertionResults": [
        {
          "ancestorTitles": ["account"],
          "fullName": "account credits a deposit",
          "status": "failed",
          "title": "credits a deposit"
        },
        {
          "ancestorTitles": ["account"],
          "fullName": "account debits a withdrawal",
          "status": "pending",
          "title": "debits a withdrawal"
        },
        {
          "ancestorTitles": ["account"],
          "fullName": "account reports its balance",
          "status": "passed",
          "title": "reports its balance"
        }
      ],
      "status": "failed",
      "name": "/Users/hieule/hieu/code/Rivet/packages/core/.stage3-capture/jest.test.js"
    }
  ]
}
